2014/10/21 19:19:33 [error] [exception.CHttpException.404] exception 'CHttpException' with message 'Unable to resolve the request "area/index".' in /Applications/XAMPP/xamppfiles/htdocs/yii/framework/web/CWebApplication.php:286
Stack trace:
#0 /Applications/XAMPP/xamppfiles/htdocs/yii/framework/web/CWebApplication.php(141): CWebApplication->runController('area/index')
#1 /Applications/XAMPP/xamppfiles/htdocs/yii/framework/base/CApplication.php(180): CWebApplication->processRequest()
#2 /Applications/XAMPP/xamppfiles/htdocs/yii_projects/scripting_lang_first/index.php(13): CApplication->run()
#3 {main}
REQUEST_URI=/yii_projects/scripting_lang_first/index.php?r=area/index
HTTP_REFERER=http://localhost/yii_projects/scripting_lang_first/
---
2014/11/03 20:08:54 [error] [php] Undefined variable: dataProvider (/Users/icko/php_projects/yii_projects/scripting_lang_first/protected/views/client/index.php:17)
Stack trace:
#0 /Users/icko/php_projects/yii/framework/web/CController.php(869): ClientController->renderFile()
#1 /Users/icko/php_projects/yii/framework/web/CController.php(782): ClientController->renderPartial()
#2 /Users/icko/php_projects/yii_projects/scripting_lang_first/protected/controllers/ClientController.php(7): ClientController->render()
#3 /Users/icko/php_projects/yii/framework/web/actions/CInlineAction.php(49): ClientController->actionIndex()
#4 /Users/icko/php_projects/yii/framework/web/CController.php(308): CInlineAction->runWithParams()
#5 /Users/icko/php_projects/yii/framework/web/CController.php(286): ClientController->runAction()
#6 /Users/icko/php_projects/yii/framework/web/CController.php(265): ClientController->runActionWithFilters()
#7 /Users/icko/php_projects/yii/framework/web/CWebApplication.php(282): ClientController->run()
#8 /Users/icko/php_projects/yii/framework/web/CWebApplication.php(141): CWebApplication->runController()
#9 /Users/icko/php_projects/yii/framework/base/CApplication.php(184): CWebApplication->processRequest()
#10 /Users/icko/php_projects/yii_projects/scripting_lang_first/index.php(13): CWebApplication->run()
REQUEST_URI=/yii_projects/scripting_lang_first/index.php?r=client/index
in /Users/icko/php_projects/yii_projects/scripting_lang_first/protected/views/client/index.php (17)
in /Users/icko/php_projects/yii_projects/scripting_lang_first/protected/controllers/ClientController.php (7)
in /Users/icko/php_projects/yii_projects/scripting_lang_first/index.php (13)
2014/11/03 20:08:59 [error] [php] Undefined variable: dataProvider (/Users/icko/php_projects/yii_projects/scripting_lang_first/protected/views/client/index.php:17)
Stack trace:
#0 /Users/icko/php_projects/yii/framework/web/CController.php(869): ClientController->renderFile()
#1 /Users/icko/php_projects/yii/framework/web/CController.php(782): ClientController->renderPartial()
#2 /Users/icko/php_projects/yii_projects/scripting_lang_first/protected/controllers/ClientController.php(7): ClientController->render()
#3 /Users/icko/php_projects/yii/framework/web/actions/CInlineAction.php(49): ClientController->actionIndex()
#4 /Users/icko/php_projects/yii/framework/web/CController.php(308): CInlineAction->runWithParams()
#5 /Users/icko/php_projects/yii/framework/web/CController.php(286): ClientController->runAction()
#6 /Users/icko/php_projects/yii/framework/web/CController.php(265): ClientController->runActionWithFilters()
#7 /Users/icko/php_projects/yii/framework/web/CWebApplication.php(282): ClientController->run()
#8 /Users/icko/php_projects/yii/framework/web/CWebApplication.php(141): CWebApplication->runController()
#9 /Users/icko/php_projects/yii/framework/base/CApplication.php(184): CWebApplication->processRequest()
#10 /Users/icko/php_projects/yii_projects/scripting_lang_first/index.php(13): CWebApplication->run()
REQUEST_URI=/yii_projects/scripting_lang_first/index.php?r=client/index
in /Users/icko/php_projects/yii_projects/scripting_lang_first/protected/views/client/index.php (17)
in /Users/icko/php_projects/yii_projects/scripting_lang_first/protected/controllers/ClientController.php (7)
in /Users/icko/php_projects/yii_projects/scripting_lang_first/index.php (13)
2014/11/03 20:09:00 [error] [php] Undefined variable: dataProvider (/Users/icko/php_projects/yii_projects/scripting_lang_first/protected/views/client/index.php:17)
Stack trace:
#0 /Users/icko/php_projects/yii/framework/web/CController.php(869): ClientController->renderFile()
#1 /Users/icko/php_projects/yii/framework/web/CController.php(782): ClientController->renderPartial()
#2 /Users/icko/php_projects/yii_projects/scripting_lang_first/protected/controllers/ClientController.php(7): ClientController->render()
#3 /Users/icko/php_projects/yii/framework/web/actions/CInlineAction.php(49): ClientController->actionIndex()
#4 /Users/icko/php_projects/yii/framework/web/CController.php(308): CInlineAction->runWithParams()
#5 /Users/icko/php_projects/yii/framework/web/CController.php(286): ClientController->runAction()
#6 /Users/icko/php_projects/yii/framework/web/CController.php(265): ClientController->runActionWithFilters()
#7 /Users/icko/php_projects/yii/framework/web/CWebApplication.php(282): ClientController->run()
#8 /Users/icko/php_projects/yii/framework/web/CWebApplication.php(141): CWebApplication->runController()
#9 /Users/icko/php_projects/yii/framework/base/CApplication.php(184): CWebApplication->processRequest()
#10 /Users/icko/php_projects/yii_projects/scripting_lang_first/index.php(13): CWebApplication->run()
REQUEST_URI=/yii_projects/scripting_lang_first/index.php?r=client/index
in /Users/icko/php_projects/yii_projects/scripting_lang_first/protected/views/client/index.php (17)
in /Users/icko/php_projects/yii_projects/scripting_lang_first/protected/controllers/ClientController.php (7)
in /Users/icko/php_projects/yii_projects/scripting_lang_first/index.php (13)
